2018-01-09 14:59:53.332  INFO 7124 --- [restartedMain] com.jewelry.cms.JewelryCmsApplication    : Starting JewelryCmsApplication on ZHIJUNHU-0 with PID 7124 (D:\code\java\other\jewelry-cms\target\classes started by zhijunhu in D:\code\java\other\jewelry-cms)
2018-01-09 14:59:53.334  INFO 7124 --- [restartedMain] com.jewelry.cms.JewelryCmsApplication    : No active profile set, falling back to default profiles: default
2018-01-09 14:59:53.456  INFO 7124 --- [restartedMain] ationConfigEmbeddedWebApplicationContext : Refreshing org.springframework.boot.context.embedded.AnnotationConfigEmbeddedWebApplicationContext@1cf4654: startup date [Tue Jan 09 14:59:53 CST 2018]; root of context hierarchy
2018-01-09 14:59:55.760  INFO 7124 --- [restartedMain] s.b.c.e.t.TomcatEmbeddedServletContainer : Tomcat initialized with port(s): 8081 (http)
2018-01-09 14:59:55.772  INFO 7124 --- [restartedMain] o.apache.catalina.core.StandardService   : Starting service [Tomcat]
2018-01-09 14:59:55.773  INFO 7124 --- [restartedMain] org.apache.catalina.core.StandardEngine  : Starting Servlet Engine: Apache Tomcat/8.5.23
2018-01-09 14:59:56.065  INFO 7124 --- [localhost-startStop-1] org.apache.jasper.servlet.TldScanner     : At least one JAR was scanned for TLDs yet contained no TLDs. Enable debug logging for this logger for a complete list of JARs that were scanned but no TLDs were found in them. Skipping unneeded JARs during scanning can improve startup time and JSP compilation time.
2018-01-09 14:59:56.069  INFO 7124 --- [localhost-startStop-1] o.a.c.c.C.[Tomcat].[localhost].[/]       : Initializing Spring embedded WebApplicationContext
2018-01-09 14:59:56.070  INFO 7124 --- [localhost-startStop-1] o.s.web.context.ContextLoader            : Root WebApplicationContext: initialization completed in 2616 ms
2018-01-09 14:59:56.221  INFO 7124 --- [localhost-startStop-1] o.s.b.w.servlet.ServletRegistrationBean  : Mapping servlet: 'dispatcherServlet' to [/]
2018-01-09 14:59:56.225  INFO 7124 --- [localhost-startStop-1] o.s.b.w.servlet.FilterRegistrationBean   : Mapping filter: 'characterEncodingFilter' to: [/*]
2018-01-09 14:59:56.226  INFO 7124 --- [localhost-startStop-1] o.s.b.w.servlet.FilterRegistrationBean   : Mapping filter: 'hiddenHttpMethodFilter' to: [/*]
2018-01-09 14:59:56.226  INFO 7124 --- [localhost-startStop-1] o.s.b.w.servlet.FilterRegistrationBean   : Mapping filter: 'httpPutFormContentFilter' to: [/*]
2018-01-09 14:59:56.226  INFO 7124 --- [localhost-startStop-1] o.s.b.w.servlet.FilterRegistrationBean   : Mapping filter: 'requestContextFilter' to: [/*]
2018-01-09 14:59:57.902  INFO 7124 --- [restartedMain] j.LocalContainerEntityManagerFactoryBean : Building JPA container EntityManagerFactory for persistence unit 'default'
2018-01-09 14:59:57.926  INFO 7124 --- [restartedMain] o.hibernate.jpa.internal.util.LogHelper  : HHH000204: Processing PersistenceUnitInfo [
	name: default
	...]
2018-01-09 14:59:57.985  INFO 7124 --- [restartedMain] org.hibernate.Version                    : HHH000412: Hibernate Core {5.0.12.Final}
2018-01-09 14:59:57.987  INFO 7124 --- [restartedMain] org.hibernate.cfg.Environment            : HHH000206: hibernate.properties not found
2018-01-09 14:59:57.988  INFO 7124 --- [restartedMain] org.hibernate.cfg.Environment            : HHH000021: Bytecode provider name : javassist
2018-01-09 14:59:58.031  INFO 7124 --- [restartedMain] o.hibernate.annotations.common.Version   : HCANN000001: Hibernate Commons Annotations {5.0.1.Final}
2018-01-09 14:59:58.200  INFO 7124 --- [restartedMain] org.hibernate.dialect.Dialect            : HHH000400: Using dialect: org.hibernate.dialect.MySQL5Dialect
2018-01-09 14:59:58.731  INFO 7124 --- [restartedMain] org.hibernate.tool.hbm2ddl.SchemaUpdate  : HHH000228: Running hbm2ddl schema update
2018-01-09 15:00:02.381  INFO 7124 --- [restartedMain] j.LocalContainerEntityManagerFactoryBean : Initialized JPA EntityManagerFactory for persistence unit 'default'
2018-01-09 15:00:02.707  INFO 7124 --- [restartedMain] o.h.h.i.QueryTranslatorFactoryInitiator  : HHH000397: Using ASTQueryTranslatorFactory
2018-01-09 15:00:03.172  INFO 7124 --- [restartedMain] s.w.s.m.m.a.RequestMappingHandlerAdapter : Looking for @ControllerAdvice: org.springframework.boot.context.embedded.AnnotationConfigEmbeddedWebApplicationContext@1cf4654: startup date [Tue Jan 09 14:59:53 CST 2018]; root of context hierarchy
2018-01-09 15:00:03.241  INFO 7124 --- [restartedMain] s.w.s.m.m.a.RequestMappingHandlerMapping : Mapped "{[/aboutUs/delete]}" onto public com.jewelry.cms.bean.entity.Response com.jewelry.cms.controller.AboutUsController.delete(java.lang.Long)
2018-01-09 15:00:03.242  INFO 7124 --- [restartedMain] s.w.s.m.m.a.RequestMappingHandlerMapping : Mapped "{[/aboutUs/toAdd]}" onto public java.lang.String com.jewelry.cms.controller.AboutUsController.toAdd(org.springframework.ui.Model)
2018-01-09 15:00:03.242  INFO 7124 --- [restartedMain] s.w.s.m.m.a.RequestMappingHandlerMapping : Mapped "{[/aboutUs/getOne]}" onto public com.alibaba.fastjson.JSONObject com.jewelry.cms.controller.AboutUsController.getOne(java.lang.Long)
2018-01-09 15:00:03.242  INFO 7124 --- [restartedMain] s.w.s.m.m.a.RequestMappingHandlerMapping : Mapped "{[/aboutUs/detail]}" onto public java.lang.String com.jewelry.cms.controller.AboutUsController.getDetail(org.springframework.ui.Model)
2018-01-09 15:00:03.243  INFO 7124 --- [restartedMain] s.w.s.m.m.a.RequestMappingHandlerMapping : Mapped "{[/aboutUs/toModify]}" onto public java.lang.String com.jewelry.cms.controller.AboutUsController.toModify(org.springframework.ui.Model,java.lang.Long)
2018-01-09 15:00:03.243  INFO 7124 --- [restartedMain] s.w.s.m.m.a.RequestMappingHandlerMapping : Mapped "{[/aboutUs/doModify]}" onto public com.jewelry.cms.bean.entity.Response com.jewelry.cms.controller.AboutUsController.doModify(com.jewelry.cms.bean.jpa.AboutUs)
2018-01-09 15:00:03.243  INFO 7124 --- [restartedMain] s.w.s.m.m.a.RequestMappingHandlerMapping : Mapped "{[/aboutUs/doAdd]}" onto public com.jewelry.cms.bean.entity.Response com.jewelry.cms.controller.AboutUsController.doAdd(com.jewelry.cms.bean.jpa.AboutUs)
2018-01-09 15:00:03.244  INFO 7124 --- [restartedMain] s.w.s.m.m.a.RequestMappingHandlerMapping : Mapped "{[/commodity/doModify]}" onto public com.jewelry.cms.bean.entity.Response com.jewelry.cms.controller.CommodityController.modifyCommodity(com.jewelry.cms.bean.jpa.Commodity,java.lang.String,java.lang.String)
2018-01-09 15:00:03.245  INFO 7124 --- [restartedMain] s.w.s.m.m.a.RequestMappingHandlerMapping : Mapped "{[/commodity/list]}" onto public java.lang.String com.jewelry.cms.controller.CommodityController.getCommodityList(org.springframework.ui.Model,java.lang.Long,java.lang.Long,java.lang.Long)
2018-01-09 15:00:03.245  INFO 7124 --- [restartedMain] s.w.s.m.m.a.RequestMappingHandlerMapping : Mapped "{[/commodity/doAdd]}" onto public com.jewelry.cms.bean.entity.Response com.jewelry.cms.controller.CommodityController.addCommodity(com.jewelry.cms.bean.jpa.Commodity,java.lang.String,java.lang.String)
2018-01-09 15:00:03.245  INFO 7124 --- [restartedMain] s.w.s.m.m.a.RequestMappingHandlerMapping : Mapped "{[/commodity/add]}" onto public java.lang.String com.jewelry.cms.controller.CommodityController.toAddCommodity(org.springframework.ui.Model)
2018-01-09 15:00:03.245  INFO 7124 --- [restartedMain] s.w.s.m.m.a.RequestMappingHandlerMapping : Mapped "{[/type/change]}" onto public java.lang.String com.jewelry.cms.controller.CommodityController.typeChange(org.springframework.ui.Model,long,int)
2018-01-09 15:00:03.246  INFO 7124 --- [restartedMain] s.w.s.m.m.a.RequestMappingHandlerMapping : Mapped "{[/commodity/modify]}" onto public java.lang.String com.jewelry.cms.controller.CommodityController.toModifyCommodity(org.springframework.ui.Model,java.lang.Long)
2018-01-09 15:00:03.248  INFO 7124 --- [restartedMain] s.w.s.m.m.a.RequestMappingHandlerMapping : Mapped "{[/img/upload]}" onto public com.alibaba.fastjson.JSONObject com.jewelry.cms.controller.FileController.handleImgUpload(org.springframework.web.multipart.MultipartFile)
2018-01-09 15:00:03.249  INFO 7124 --- [restartedMain] s.w.s.m.m.a.RequestMappingHandlerMapping : Mapped "{[/img/delete]}" onto public com.alibaba.fastjson.JSONObject com.jewelry.cms.controller.FileController.deleteImg(java.lang.String)
2018-01-09 15:00:03.249  INFO 7124 --- [restartedMain] s.w.s.m.m.a.RequestMappingHandlerMapping : Mapped "{[/rich/img/upload]}" onto public com.alibaba.fastjson.JSONObject com.jewelry.cms.controller.FileController.handleRichImgUpload(org.springframework.web.multipart.MultipartFile)
2018-01-09 15:00:03.253  INFO 7124 --- [restartedMain] s.w.s.m.m.a.RequestMappingHandlerMapping : Mapped "{[/home/page/toModify]}" onto public java.lang.String com.jewelry.cms.controller.HomeController.toModifyPage(org.springframework.ui.Model,int,java.lang.Long)
2018-01-09 15:00:03.253  INFO 7124 --- [restartedMain] s.w.s.m.m.a.RequestMappingHandlerMapping : Mapped "{[/home/banner/doAdd]}" onto public com.jewelry.cms.bean.entity.Response com.jewelry.cms.controller.HomeController.addBanner(com.jewelry.cms.bean.jpa.Banner)
2018-01-09 15:00:03.253  INFO 7124 --- [restartedMain] s.w.s.m.m.a.RequestMappingHandlerMapping : Mapped "{[/home/banner/toModify]}" onto public java.lang.String com.jewelry.cms.controller.HomeController.toModifyBanner(org.springframework.ui.Model,java.lang.Long)
2018-01-09 15:00:03.254  INFO 7124 --- [restartedMain] s.w.s.m.m.a.RequestMappingHandlerMapping : Mapped "{[/home/banner/delete]}" onto public com.jewelry.cms.bean.entity.Response com.jewelry.cms.controller.HomeController.deleteBanner(java.lang.Long)
2018-01-09 15:00:03.254  INFO 7124 --- [restartedMain] s.w.s.m.m.a.RequestMappingHandlerMapping : Mapped "{[/home/banner/list]}" onto public java.lang.String com.jewelry.cms.controller.HomeController.getBannerList(org.springframework.ui.Model)
2018-01-09 15:00:03.254  INFO 7124 --- [restartedMain] s.w.s.m.m.a.RequestMappingHandlerMapping : Mapped "{[/home/banner/doModify]}" onto public com.jewelry.cms.bean.entity.Response com.jewelry.cms.controller.HomeController.modifyBanner(com.jewelry.cms.bean.jpa.Banner)
2018-01-09 15:00:03.254  INFO 7124 --- [restartedMain] s.w.s.m.m.a.RequestMappingHandlerMapping : Mapped "{[/home/page/toAdd]}" onto public java.lang.String com.jewelry.cms.controller.HomeController.toAddPage(org.springframework.ui.Model,int)
2018-01-09 15:00:03.255  INFO 7124 --- [restartedMain] s.w.s.m.m.a.RequestMappingHandlerMapping : Mapped "{[/home/page/doModify]}" onto public com.jewelry.cms.bean.entity.Response com.jewelry.cms.controller.HomeController.modifyPage(com.jewelry.cms.bean.jpa.HomePage)
2018-01-09 15:00:03.255  INFO 7124 --- [restartedMain] s.w.s.m.m.a.RequestMappingHandlerMapping : Mapped "{[/home/page/delete]}" onto public com.jewelry.cms.bean.entity.Response com.jewelry.cms.controller.HomeController.pageDelete(java.lang.Long)
2018-01-09 15:00:03.255  INFO 7124 --- [restartedMain] s.w.s.m.m.a.RequestMappingHandlerMapping : Mapped "{[/home/page/list]}" onto public java.lang.String com.jewelry.cms.controller.HomeController.getPageList(org.springframework.ui.Model,int,java.lang.Integer)
2018-01-09 15:00:03.255  INFO 7124 --- [restartedMain] s.w.s.m.m.a.RequestMappingHandlerMapping : Mapped "{[/home/page/order]}" onto public com.jewelry.cms.bean.entity.Response com.jewelry.cms.controller.HomeController.orderPage(java.lang.String)
2018-01-09 15:00:03.255  INFO 7124 --- [restartedMain] s.w.s.m.m.a.RequestMappingHandlerMapping : Mapped "{[/home/body/change]}" onto public java.lang.String com.jewelry.cms.controller.HomeController.bodyChange(org.springframework.ui.Model,java.lang.Long)
2018-01-09 15:00:03.255  INFO 7124 --- [restartedMain] s.w.s.m.m.a.RequestMappingHandlerMapping : Mapped "{[/home/banner/order]}" onto public com.jewelry.cms.bean.entity.Response com.jewelry.cms.controller.HomeController.orderBanner(java.lang.String)
2018-01-09 15:00:03.256  INFO 7124 --- [restartedMain] s.w.s.m.m.a.RequestMappingHandlerMapping : Mapped "{[/home/banner/toAdd]}" onto public java.lang.String com.jewelry.cms.controller.HomeController.toAddBanner(org.springframework.ui.Model)
2018-01-09 15:00:03.256  INFO 7124 --- [restartedMain] s.w.s.m.m.a.RequestMappingHandlerMapping : Mapped "{[/home/page/doAdd]}" onto public com.jewelry.cms.bean.entity.Response com.jewelry.cms.controller.HomeController.addPage(com.jewelry.cms.bean.jpa.HomePage)
2018-01-09 15:00:03.256  INFO 7124 --- [restartedMain] s.w.s.m.m.a.RequestMappingHandlerMapping : Mapped "{[/]}" onto public java.lang.String com.jewelry.cms.controller.IndexController.welcome(java.util.Map<java.lang.String, java.lang.Object>)
2018-01-09 15:00:03.257  INFO 7124 --- [restartedMain] s.w.s.m.m.a.RequestMappingHandlerMapping : Mapped "{[/joinus/doModify]}" onto public com.jewelry.cms.bean.entity.Response com.jewelry.cms.controller.JoinUsController.modify(com.jewelry.cms.bean.jpa.JoinUs)
2018-01-09 15:00:03.257  INFO 7124 --- [restartedMain] s.w.s.m.m.a.RequestMappingHandlerMapping : Mapped "{[/joinus/detail]}" onto public java.lang.String com.jewelry.cms.controller.JoinUsController.getDetail(org.springframework.ui.Model)
2018-01-09 15:00:03.257  INFO 7124 --- [restartedMain] s.w.s.m.m.a.RequestMappingHandlerMapping : Mapped "{[/joinus/toModify]}" onto public java.lang.String com.jewelry.cms.controller.JoinUsController.toModify(org.springframework.ui.Model)
2018-01-09 15:00:03.258  INFO 7124 --- [restartedMain] s.w.s.m.m.a.RequestMappingHandlerMapping : Mapped "{[/type/toAdd]}" onto public java.lang.String com.jewelry.cms.controller.JtypeController.addType()
2018-01-09 15:00:03.258  INFO 7124 --- [restartedMain] s.w.s.m.m.a.RequestMappingHandlerMapping : Mapped "{[/type/toModify]}" onto public java.lang.String com.jewelry.cms.controller.JtypeController.modifyType(org.springframework.ui.Model,java.lang.Long)
2018-01-09 15:00:03.259  INFO 7124 --- [restartedMain] s.w.s.m.m.a.RequestMappingHandlerMapping : Mapped "{[/meterial/toModify]}" onto public java.lang.String com.jewelry.cms.controller.JtypeController.modifyMeterial(org.springframework.ui.Model,java.lang.Long)
2018-01-09 15:00:03.260  INFO 7124 --- [restartedMain] s.w.s.m.m.a.RequestMappingHandlerMapping : Mapped "{[/part/toModify]}" onto public java.lang.String com.jewelry.cms.controller.JtypeController.modifyPart(org.springframework.ui.Model,java.lang.Long)
2018-01-09 15:00:03.260  INFO 7124 --- [restartedMain] s.w.s.m.m.a.RequestMappingHandlerMapping : Mapped "{[/type/doAdd]}" onto public com.jewelry.cms.bean.entity.Response com.jewelry.cms.controller.JtypeController.doAddType(com.jewelry.cms.bean.jpa.JewelryType)
2018-01-09 15:00:03.260  INFO 7124 --- [restartedMain] s.w.s.m.m.a.RequestMappingHandlerMapping : Mapped "{[/part/doModify]}" onto public com.jewelry.cms.bean.entity.Response com.jewelry.cms.controller.JtypeController.doModifyPart(com.jewelry.cms.bean.jpa.BodyPart)
2018-01-09 15:00:03.260  INFO 7124 --- [restartedMain] s.w.s.m.m.a.RequestMappingHandlerMapping : Mapped "{[/part/doAdd]}" onto public com.jewelry.cms.bean.entity.Response com.jewelry.cms.controller.JtypeController.doAddPart(com.jewelry.cms.bean.jpa.BodyPart)
2018-01-09 15:00:03.260  INFO 7124 --- [restartedMain] s.w.s.m.m.a.RequestMappingHandlerMapping : Mapped "{[/meterial/toAdd]}" onto public java.lang.String com.jewelry.cms.controller.JtypeController.addMeterial(org.springframework.ui.Model,java.lang.Long)
2018-01-09 15:00:03.261  INFO 7124 --- [restartedMain] s.w.s.m.m.a.RequestMappingHandlerMapping : Mapped "{[/meterial/doAdd]}" onto public com.jewelry.cms.bean.entity.Response com.jewelry.cms.controller.JtypeController.doAddMeterial(com.jewelry.cms.bean.jpa.JewelryMeterial)
2018-01-09 15:00:03.261  INFO 7124 --- [restartedMain] s.w.s.m.m.a.RequestMappingHandlerMapping : Mapped "{[/part/toAdd]}" onto public java.lang.String com.jewelry.cms.controller.JtypeController.addPart(org.springframework.ui.Model,java.lang.Long)
2018-01-09 15:00:03.261  INFO 7124 --- [restartedMain] s.w.s.m.m.a.RequestMappingHandlerMapping : Mapped "{[/jtype]}" onto public java.lang.String com.jewelry.cms.controller.JtypeController.getDetails(org.springframework.ui.Model,long)
2018-01-09 15:00:03.261  INFO 7124 --- [restartedMain] s.w.s.m.m.a.RequestMappingHandlerMapping : Mapped "{[/type/doModify]}" onto public com.jewelry.cms.bean.entity.Response com.jewelry.cms.controller.JtypeController.doModifyType(com.jewelry.cms.bean.jpa.JewelryType)
2018-01-09 15:00:03.261  INFO 7124 --- [restartedMain] s.w.s.m.m.a.RequestMappingHandlerMapping : Mapped "{[/meterial/doModify]}" onto public com.jewelry.cms.bean.entity.Response com.jewelry.cms.controller.JtypeController.doModifyMeterial(com.jewelry.cms.bean.jpa.JewelryMeterial)
2018-01-09 15:00:03.263  INFO 7124 --- [restartedMain] s.w.s.m.m.a.RequestMappingHandlerMapping : Mapped "{[/error]}" onto public org.springframework.http.ResponseEntity<java.util.Map<java.lang.String, java.lang.Object>> org.springframework.boot.autoconfigure.web.BasicErrorController.error(javax.servlet.http.HttpServletRequest)
2018-01-09 15:00:03.263  INFO 7124 --- [restartedMain] s.w.s.m.m.a.RequestMappingHandlerMapping : Mapped "{[/error],produces=[text/html]}" onto public org.springframework.web.servlet.ModelAndView org.springframework.boot.autoconfigure.web.BasicErrorController.errorHtml(javax.servlet.http.HttpServletRequest,javax.servlet.http.HttpServletResponse)
2018-01-09 15:00:03.298  INFO 7124 --- [restartedMain] o.s.w.s.handler.SimpleUrlHandlerMapping  : Mapped URL path [/webjars/**] onto handler of type [class org.springframework.web.servlet.resource.ResourceHttpRequestHandler]
2018-01-09 15:00:03.298  INFO 7124 --- [restartedMain] o.s.w.s.handler.SimpleUrlHandlerMapping  : Mapped URL path [/**] onto handler of type [class org.springframework.web.servlet.resource.ResourceHttpRequestHandler]
2018-01-09 15:00:03.338  INFO 7124 --- [restartedMain] o.s.w.s.handler.SimpleUrlHandlerMapping  : Mapped URL path [/**/favicon.ico] onto handler of type [class org.springframework.web.servlet.resource.ResourceHttpRequestHandler]
2018-01-09 15:00:03.689  INFO 7124 --- [restartedMain] o.s.b.d.a.OptionalLiveReloadServer       : LiveReload server is running on port 35729
2018-01-09 15:00:03.808  INFO 7124 --- [restartedMain] o.s.j.e.a.AnnotationMBeanExporter        : Registering beans for JMX exposure on startup
2018-01-09 15:00:03.872  INFO 7124 --- [restartedMain] s.b.c.e.t.TomcatEmbeddedServletContainer : Tomcat started on port(s): 8081 (http)
2018-01-09 15:00:03.877  INFO 7124 --- [restartedMain] com.jewelry.cms.JewelryCmsApplication    : Started JewelryCmsApplication in 11.057 seconds (JVM running for 12.265)
2018-01-09 15:00:34.329  INFO 7124 --- [http-nio-8081-exec-2] o.a.c.c.C.[Tomcat].[localhost].[/]       : Initializing Spring FrameworkServlet 'dispatcherServlet'
2018-01-09 15:00:34.329  INFO 7124 --- [http-nio-8081-exec-2] o.s.web.servlet.DispatcherServlet        : FrameworkServlet 'dispatcherServlet': initialization started
2018-01-09 15:00:34.355  INFO 7124 --- [http-nio-8081-exec-2] o.s.web.servlet.DispatcherServlet        : FrameworkServlet 'dispatcherServlet': initialization completed in 26 ms
